Date: Tue Apr 04 2017 13:01:05 GMT+0530 (India Standard Time),
Level: ERROR,
Error: uncaughtException: isNan is not defined,
Stack: ReferenceError: isNan is not defined,
	at Object.<anonymous> (E:\Linkwok Office Data\Node\ExceptionNotifier\index.js:166:13),
	at Module._compile (module.js:571:32),
	at Object.Module._extensions..js (module.js:580:10),
	at Module.load (module.js:488:32),
	at tryModuleLoad (module.js:447:12),
	at Function.Module._load (module.js:439:3),
	at Module.runMain (module.js:605:10),
	at run (bootstrap_node.js:418:7),
	at startup (bootstrap_node.js:139:9),
	at bootstrap_node.js:533:3


Date: Tue Apr 04 2017 13:01:06 GMT+0530 (India Standard Time),
Level: ERROR,
Error: uncaughtException: isNan is not defined,
Stack: ReferenceError: isNan is not defined,
	at Object.<anonymous> (E:\Linkwok Office Data\Node\ExceptionNotifier\index.js:166:13),
	at Module._compile (module.js:571:32),
	at Object.Module._extensions..js (module.js:580:10),
	at Module.load (module.js:488:32),
	at tryModuleLoad (module.js:447:12),
	at Function.Module._load (module.js:439:3),
	at Module.runMain (module.js:605:10),
	at run (bootstrap_node.js:418:7),
	at startup (bootstrap_node.js:139:9),
	at bootstrap_node.js:533:3


